[28-Jan-2014 07:47:16 UTC] PHP Fatal error:  Uncaught exception 'Zend_Feed_Exception' with message 'DOMDocument cannot parse XML: Premature end of data in tag html line 1
' in /home/celebr28/public_html/lib/Zend/Feed/Reader.php:338
Stack trace:
#0 /home/celebr28/public_html/lib/Zend/Feed/Reader.php(289): Zend_Feed_Reader::importString('<!DOCTYPE html ...')
#1 /home/celebr28/public_html/scrape/Temp.php(32): Zend_Feed_Reader::import('http://www.cele...')
#2 {main}
  thrown in /home/celebr28/public_html/lib/Zend/Feed/Reader.php on line 338
[28-Jan-2014 07:48:48 UTC] PHP Fatal error:  Uncaught exception 'Zend_Feed_Exception' with message 'Feed failed to load, got response code 404' in /home/celebr28/public_html/lib/Zend/Feed/Reader.php:287
Stack trace:
#0 /home/celebr28/public_html/scrape/Temp.php(32): Zend_Feed_Reader::import('http://www.cele...')
#1 {main}
  thrown in /home/celebr28/public_html/lib/Zend/Feed/Reader.php on line 287
[28-Jan-2014 07:49:58 UTC] PHP Fatal error:  Uncaught exception 'Zend_Feed_Exception' with message 'Feed failed to load, got response code 404' in /home/celebr28/public_html/lib/Zend/Feed/Reader.php:287
Stack trace:
#0 /home/celebr28/public_html/scrape/Temp.php(32): Zend_Feed_Reader::import('http://www.cele...')
#1 {main}
  thrown in /home/celebr28/public_html/lib/Zend/Feed/Reader.php on line 287
[28-Jan-2014 07:50:15 UTC] PHP Fatal error:  Uncaught exception 'Zend_Feed_Exception' with message 'DOMDocument cannot parse XML: Premature end of data in tag html line 1
' in /home/celebr28/public_html/lib/Zend/Feed/Reader.php:338
Stack trace:
#0 /home/celebr28/public_html/lib/Zend/Feed/Reader.php(289): Zend_Feed_Reader::importString('<!DOCTYPE html ...')
#1 /home/celebr28/public_html/scrape/Temp.php(32): Zend_Feed_Reader::import('http://www.cele...')
#2 {main}
  thrown in /home/celebr28/public_html/lib/Zend/Feed/Reader.php on line 338
[28-Jan-2014 07:51:59 UTC] PHP Fatal error:  Uncaught exception 'Zend_Feed_Exception' with message 'Feed failed to load, got response code 404' in /home/celebr28/public_html/lib/Zend/Feed/Reader.php:287
Stack trace:
#0 /home/celebr28/public_html/scrape/Temp.php(32): Zend_Feed_Reader::import('http://www.cele...')
#1 {main}
  thrown in /home/celebr28/public_html/lib/Zend/Feed/Reader.php on line 287
[28-Jan-2014 07:52:25 UTC] PHP Fatal error:  Uncaught exception 'Zend_Feed_Exception' with message 'Feed failed to load, got response code 404' in /home/celebr28/public_html/lib/Zend/Feed/Reader.php:287
Stack trace:
#0 /home/celebr28/public_html/scrape/Temp.php(32): Zend_Feed_Reader::import('http://www.cele...')
#1 {main}
  thrown in /home/celebr28/public_html/lib/Zend/Feed/Reader.php on line 287
[28-Jan-2014 07:52:29 UTC] PHP Fatal error:  Uncaught exception 'Zend_Feed_Exception' with message 'Feed failed to load, got response code 404' in /home/celebr28/public_html/lib/Zend/Feed/Reader.php:287
Stack trace:
#0 /home/celebr28/public_html/scrape/Temp.php(33): Zend_Feed_Reader::import('http://www.cele...')
#1 {main}
  thrown in /home/celebr28/public_html/lib/Zend/Feed/Reader.php on line 287
[28-Jan-2014 07:52:49 UTC] PHP Fatal error:  Uncaught exception 'Zend_Uri_Exception' with message 'Scheme "asdf" is not supported' in /home/celebr28/public_html/lib/Zend/Uri.php:130
Stack trace:
#0 /home/celebr28/public_html/lib/Zend/Http/Client.php(270): Zend_Uri::factory('asdf')
#1 /home/celebr28/public_html/lib/Zend/Feed/Reader.php(233): Zend_Http_Client->setUri('asdf')
#2 /home/celebr28/public_html/scrape/Temp.php(32): Zend_Feed_Reader::import('asdf')
#3 {main}
  thrown in /home/celebr28/public_html/lib/Zend/Uri.php on line 130
[28-Jan-2014 07:53:00 UTC] PHP Fatal error:  Uncaught exception 'Zend_Uri_Exception' with message 'Scheme "asdf" is not supported' in /home/celebr28/public_html/lib/Zend/Uri.php:130
Stack trace:
#0 /home/celebr28/public_html/lib/Zend/Http/Client.php(270): Zend_Uri::factory('asdf')
#1 /home/celebr28/public_html/lib/Zend/Feed/Reader.php(233): Zend_Http_Client->setUri('asdf')
#2 /home/celebr28/public_html/scrape/Temp.php(32): Zend_Feed_Reader::import('asdf')
#3 {main}
  thrown in /home/celebr28/public_html/lib/Zend/Uri.php on line 130
[28-Jan-2014 07:53:04 UTC] PHP Fatal error:  Uncaught exception 'Zend_Feed_Exception' with message 'Feed failed to load, got response code 404' in /home/celebr28/public_html/lib/Zend/Feed/Reader.php:287
Stack trace:
#0 /home/celebr28/public_html/scrape/Temp.php(32): Zend_Feed_Reader::import('http://www.cele...')
#1 {main}
  thrown in /home/celebr28/public_html/lib/Zend/Feed/Reader.php on line 287
[28-Jan-2014 07:54:18 UTC] PHP Fatal error:  Uncaught exception 'Zend_Feed_Exception' with message 'Feed failed to load, got response code 404' in /home/celebr28/public_html/lib/Zend/Feed/Reader.php:287
Stack trace:
#0 /home/celebr28/public_html/scrape/Temp.php(32): Zend_Feed_Reader::import('http://www.cele...')
#1 {main}
  thrown in /home/celebr28/public_html/lib/Zend/Feed/Reader.php on line 287
[28-Jan-2014 07:56:38 UTC] PHP Fatal error:  Uncaught exception 'Zend_Feed_Exception' with message 'DOMDocument cannot parse XML: Premature end of data in tag html line 1
' in /home/celebr28/public_html/lib/Zend/Feed/Reader.php:338
Stack trace:
#0 /home/celebr28/public_html/lib/Zend/Feed/Reader.php(289): Zend_Feed_Reader::importString('<!DOCTYPE html ...')
#1 /home/celebr28/public_html/scrape/Temp.php(32): Zend_Feed_Reader::import('http://www.cele...')
#2 {main}
  thrown in /home/celebr28/public_html/lib/Zend/Feed/Reader.php on line 338
[28-Jan-2014 07:58:58 UTC] PHP Fatal error:  Uncaught exception 'Zend_Feed_Exception' with message 'DOMDocument cannot parse XML: Premature end of data in tag html line 1
' in /home/celebr28/public_html/lib/Zend/Feed/Reader.php:338
Stack trace:
#0 /home/celebr28/public_html/lib/Zend/Feed/Reader.php(289): Zend_Feed_Reader::importString('<!DOCTYPE html ...')
#1 /home/celebr28/public_html/scrape/Temp.php(32): Zend_Feed_Reader::import('http://www.cele...')
#2 {main}
  thrown in /home/celebr28/public_html/lib/Zend/Feed/Reader.php on line 338
[28-Jan-2014 07:59:01 UTC] PHP Fatal error:  Uncaught exception 'Zend_Feed_Exception' with message 'DOMDocument cannot parse XML: Premature end of data in tag html line 1
' in /home/celebr28/public_html/lib/Zend/Feed/Reader.php:338
Stack trace:
#0 /home/celebr28/public_html/lib/Zend/Feed/Reader.php(289): Zend_Feed_Reader::importString('<!DOCTYPE html ...')
#1 /home/celebr28/public_html/scrape/Temp.php(32): Zend_Feed_Reader::import('http://www.cele...')
#2 {main}
  thrown in /home/celebr28/public_html/lib/Zend/Feed/Reader.php on line 338
[28-Jan-2014 07:59:23 UTC] PHP Fatal error:  Uncaught exception 'Zend_Feed_Exception' with message 'DOMDocument cannot parse XML: Premature end of data in tag html line 1
' in /home/celebr28/public_html/lib/Zend/Feed/Reader.php:338
Stack trace:
#0 /home/celebr28/public_html/lib/Zend/Feed/Reader.php(289): Zend_Feed_Reader::importString('<!DOCTYPE html ...')
#1 /home/celebr28/public_html/scrape/Temp.php(32): Zend_Feed_Reader::import('http://www.cele...')
#2 {main}
  thrown in /home/celebr28/public_html/lib/Zend/Feed/Reader.php on line 338
[28-Jan-2014 07:59:26 UTC] PHP Fatal error:  Uncaught exception 'Zend_Feed_Exception' with message 'DOMDocument cannot parse XML: Premature end of data in tag html line 1
' in /home/celebr28/public_html/lib/Zend/Feed/Reader.php:338
Stack trace:
#0 /home/celebr28/public_html/lib/Zend/Feed/Reader.php(289): Zend_Feed_Reader::importString('<!DOCTYPE html ...')
#1 /home/celebr28/public_html/scrape/Temp.php(32): Zend_Feed_Reader::import('http://www.cele...')
#2 {main}
  thrown in /home/celebr28/public_html/lib/Zend/Feed/Reader.php on line 338
[28-Jan-2014 07:59:37 UTC] PHP Fatal error:  Uncaught exception 'Zend_Feed_Exception' with message 'DOMDocument cannot parse XML: Premature end of data in tag html line 1
' in /home/celebr28/public_html/lib/Zend/Feed/Reader.php:338
Stack trace:
#0 /home/celebr28/public_html/lib/Zend/Feed/Reader.php(289): Zend_Feed_Reader::importString('<!DOCTYPE html ...')
#1 /home/celebr28/public_html/scrape/Temp.php(32): Zend_Feed_Reader::import('http://www.cele...')
#2 {main}
  thrown in /home/celebr28/public_html/lib/Zend/Feed/Reader.php on line 338
[28-Jan-2014 07:59:51 UTC] PHP Fatal error:  Uncaught exception 'Zend_Uri_Exception' with message 'Scheme "dgg" is not supported' in /home/celebr28/public_html/lib/Zend/Uri.php:130
Stack trace:
#0 /home/celebr28/public_html/lib/Zend/Http/Client.php(270): Zend_Uri::factory('dgg')
#1 /home/celebr28/public_html/lib/Zend/Feed/Reader.php(233): Zend_Http_Client->setUri('dgg')
#2 /home/celebr28/public_html/scrape/Temp.php(32): Zend_Feed_Reader::import('dgg')
#3 {main}
  thrown in /home/celebr28/public_html/lib/Zend/Uri.php on line 130
[28-Jan-2014 08:00:06 UTC] PHP Fatal error:  Uncaught exception 'Zend_Feed_Exception' with message 'DOMDocument cannot parse XML: Premature end of data in tag html line 1
' in /home/celebr28/public_html/lib/Zend/Feed/Reader.php:338
Stack trace:
#0 /home/celebr28/public_html/lib/Zend/Feed/Reader.php(289): Zend_Feed_Reader::importString('<!DOCTYPE html ...')
#1 /home/celebr28/public_html/scrape/Temp.php(32): Zend_Feed_Reader::import('http://www.cele...')
#2 {main}
  thrown in /home/celebr28/public_html/lib/Zend/Feed/Reader.php on line 338
